<?xml version="1.0" encoding="UTF-8"?>
<!-- Generated by org.testng.reporters.JUnitXMLReporter -->
<testsuite ignored="0" hostname="vvandrangi" failures="0" tests="6" name="Command line test" time="26.439" errors="0" timestamp="2023-01-26T20:07:33 IST">
  <testcase classname="com.testing.commerceTest.RegisterPageTest" name="registerUser" time="11.326"/>
  <testcase classname="com.testing.commerceTest.LoginPageTest" name="LoginCommerce" time="2.324"/>
  <testcase classname="com.testing.commerceTest.LoginPageTest" name="updateGenderAfterLogin" time="4.113"/>
  <testcase classname="com.testing.commerceTest.LoginPageTest" name="loginwithoutCredentials" time="0.876"/>
  <testcase classname="com.testing.commerceTest.LoginPageTest" name="loginwithonlyEmail" time="1.565"/>
  <testcase classname="com.testing.commerceTest.LoginPageTest" name="loginwithInvalidUser" time="2.218"/>
</testsuite> <!-- Command line test -->
