<?xml version="1.0" encoding="UTF-8" ?>
<testsuite tests="6" failures="0" name="TestSuite" time="22.618" errors="0" skipped="0">
  <properties>
[...]
</properties>
  <testcase classname="com.testing.commerceTest.RegisterPageTest" name="registerUser" time="11.464"/>
  <testcase classname="com.testing.commerceTest.LoginPageTest" name="LoginCommerce" time="2.344"/>
  <testcase classname="com.testing.commerceTest.LoginPageTest" name="updateGenderAfterLogin" time="4.138"/>
  <testcase classname="com.testing.commerceTest.LoginPageTest" name="loginwithoutCredentials" time="0.88"/>
  <testcase classname="com.testing.commerceTest.LoginPageTest" name="loginwithonlyEmail" time="1.572"/>
  <testcase classname="com.testing.commerceTest.LoginPageTest" name="loginwithInvalidUser" time="2.22"/>
</testsuite>