<?xml version="1.0" encoding="UTF-8"?>
<testng-results ignored="0" total="6" passed="6" failed="0" skipped="0">
  <reporter-output>
  </reporter-output>
  <suite started-at="2023-01-26T20:07:06 IST" name="Command line suite" finished-at="2023-01-26T20:07:33 IST" duration-ms="26439">
    <groups>
    </groups>
    <test started-at="2023-01-26T20:07:06 IST" name="Command line test" finished-at="2023-01-26T20:07:33 IST" duration-ms="26439">
      <class name="com.testing.commerceTest.LoginPageTest">
        <test-method is-config="true" signature="driver_page_init()[pri:0, instance:com.testing.commerceTest.LoginPageTest@3c6d3ba]" started-at="2023-01-26T20:07:18 IST" name="driver_page_init" finished-at="2023-01-26T20:07:21 IST" duration-ms="3686" status="PASS">
          <reporter-output>
          </reporter-output>
        </test-method> <!-- driver_page_init -->
        <test-method signature="LoginCommerce()[pri:1, instance:com.testing.commerceTest.LoginPageTest@3c6d3ba]" started-at="2023-01-26T20:07:21 IST" name="LoginCommerce" finished-at="2023-01-26T20:07:24 IST" duration-ms="2324" status="PASS">
          <reporter-output>
          </reporter-output>
        </test-method> <!-- LoginCommerce -->
        <test-method signature="updateGenderAfterLogin()[pri:2, instance:com.testing.commerceTest.LoginPageTest@3c6d3ba]" started-at="2023-01-26T20:07:24 IST" name="updateGenderAfterLogin" finished-at="2023-01-26T20:07:28 IST" duration-ms="4113" status="PASS">
          <reporter-output>
          </reporter-output>
        </test-method> <!-- updateGenderAfterLogin -->
        <test-method signature="loginwithoutCredentials()[pri:3, instance:com.testing.commerceTest.LoginPageTest@3c6d3ba]" started-at="2023-01-26T20:07:28 IST" name="loginwithoutCredentials" finished-at="2023-01-26T20:07:29 IST" duration-ms="876" status="PASS">
          <reporter-output>
          </reporter-output>
        </test-method> <!-- loginwithoutCredentials -->
        <test-method signature="loginwithonlyEmail()[pri:4, instance:com.testing.commerceTest.LoginPageTest@3c6d3ba]" started-at="2023-01-26T20:07:29 IST" name="loginwithonlyEmail" finished-at="2023-01-26T20:07:30 IST" duration-ms="1565" status="PASS">
          <reporter-output>
          </reporter-output>
        </test-method> <!-- loginwithonlyEmail -->
        <test-method signature="loginwithInvalidUser()[pri:5, instance:com.testing.commerceTest.LoginPageTest@3c6d3ba]" started-at="2023-01-26T20:07:30 IST" name="loginwithInvalidUser" finished-at="2023-01-26T20:07:33 IST" duration-ms="2218" status="PASS">
          <reporter-output>
          </reporter-output>
        </test-method> <!-- loginwithInvalidUser -->
      </class> <!-- com.testing.commerceTest.LoginPageTest -->
      <class name="com.testing.commerceTest.RegisterPageTest">
        <test-method signature="registerUser()[pri:1, instance:com.testing.commerceTest.RegisterPageTest@f4aec23]" started-at="2023-01-26T20:07:06 IST" name="registerUser" finished-at="2023-01-26T20:07:18 IST" duration-ms="11326" status="PASS">
          <reporter-output>
          </reporter-output>
        </test-method> <!-- registerUser -->
      </class> <!-- com.testing.commerceTest.RegisterPageTest -->
    </test> <!-- Command line test -->
  </suite> <!-- Command line suite -->
</testng-results>
